android/app/build/intermediates/manifest_merge_blame_file/debug/manifest-merger-blame-debug-report.txt
1<?xml version="1.0" encoding="utf-8"?>
2<manifest xmlns:android="http://schemas.android.com/apk/res/android"
3    package="in.proxnet.www"
4    android:versionCode="1"
5    android:versionName="1.0.0" >
6
7    <uses-sdk
8        android:minSdkVersion="21"
9        android:targetSdkVersion="34" />
10
11    <uses-permission android:name="android.permission.INTERNET" />
11-->src\main\AndroidManifest.xml:4:5-67
11-->src\main\AndroidManifest.xml:4:22-64
12    <uses-permission android:name="android.permission.POST_NOTIFICATIONS" />
12-->src\main\AndroidManifest.xml:5:5-77
12-->src\main\AndroidManifest.xml:5:22-74
13    <uses-permission android:name="android.permission.ACCESS_NETWORK_STATE" />
13-->[com.google.firebase:firebase-messaging:23.4.1] AndroidManifest.xml:22:5-79
13-->[com.google.firebase:firebase-messaging:23.4.1] AndroidManifest.xml:22:22-76
14    <uses-permission android:name="android.permission.WAKE_LOCK" /> <!-- Required by older versions of Google Play services to create IID tokens -->
14-->[com.google.firebase:firebase-messaging:23.4.1] AndroidManifest.xml:24:5-68
14-->[com.google.firebase:firebase-messaging:23.4.1] AndroidManifest.xml:24:22-65
15    <uses-permission android:name="com.google.android.c2dm.permission.RECEIVE" />
15-->[com.google.firebase:firebase-messaging:23.4.1] AndroidManifest.xml:26:5-82
15-->[com.google.firebase:firebase-messaging:23.4.1] AndroidManifest.xml:26:22-79
16
17    <permission
17-->[androidx.core:core:1.12.0] AndroidManifest.xml:22:5-24:47
18        android:name="in.proxnet.www.DYNAMIC_RECEIVER_NOT_EXPORTED_PERMISSION"
18-->[androidx.core:core:1.12.0] AndroidManifest.xml:23:9-81
19        android:protectionLevel="signature" />
19-->[androidx.core:core:1.12.0] AndroidManifest.xml:24:9-44
20
21    <uses-permission android:name="in.proxnet.www.DYNAMIC_RECEIVER_NOT_EXPORTED_PERMISSION" />
21-->[androidx.core:core:1.12.0] AndroidManifest.xml:26:5-97
21-->[androidx.core:core:1.12.0] AndroidManifest.xml:26:22-94
22
23    <application
23-->src\main\AndroidManifest.xml:7:5-33:19
24        android:allowBackup="true"
24-->src\main\AndroidManifest.xml:8:9-35
25        android:appComponentFactory="androidx.core.app.CoreComponentFactory"
25-->[androidx.core:core:1.12.0] AndroidManifest.xml:28:18-86
26        android:debuggable="true"
27        android:extractNativeLibs="true"
28        android:icon="@android:drawable/sym_def_app_icon"
28-->src\main\AndroidManifest.xml:9:9-58
29        android:label="@string/app_name"
29-->src\main\AndroidManifest.xml:10:9-41
30        android:roundIcon="@android:drawable/sym_def_app_icon"
30-->src\main\AndroidManifest.xml:11:9-63
31        android:supportsRtl="true"
31-->src\main\AndroidManifest.xml:12:9-35
32        android:theme="@style/Theme.ProxNet" >
32-->src\main\AndroidManifest.xml:13:9-45
33        <activity
33-->src\main\AndroidManifest.xml:15:9-23:20
34            android:name="in.proxnet.app.MainActivity"
34-->src\main\AndroidManifest.xml:16:13-41
35            android:configChanges="orientation|screenSize|keyboardHidden"
35-->src\main\AndroidManifest.xml:18:13-74
36            android:exported="true" >
36-->src\main\AndroidManifest.xml:17:13-36
37            <intent-filter>
37-->src\main\AndroidManifest.xml:19:13-22:29
38                <action android:name="android.intent.action.MAIN" />
38-->src\main\AndroidManifest.xml:20:17-69
38-->src\main\AndroidManifest.xml:20:25-66
39
40                <category android:name="android.intent.category.LAUNCHER" />
40-->src\main\AndroidManifest.xml:21:17-77
40-->src\main\AndroidManifest.xml:21:27-74
41            </intent-filter>
42        </activity>
43
44        <service
44-->src\main\AndroidManifest.xml:25:9-31:19
45            android:name="in.proxnet.app.MyFirebaseMessagingService"
45-->src\main\AndroidManifest.xml:26:13-55
46            android:exported="false" >
46-->src\main\AndroidManifest.xml:27:13-37
47            <intent-filter>
47-->src\main\AndroidManifest.xml:28:13-30:29
48                <action android:name="com.google.firebase.MESSAGING_EVENT" />
48-->src\main\AndroidManifest.xml:29:17-78
48-->src\main\AndroidManifest.xml:29:25-75
49            </intent-filter>
50        </service>
51
52        <provider
52-->[androidx.emoji2:emoji2:1.2.0] AndroidManifest.xml:24:9-32:20
53            android:name="androidx.startup.InitializationProvider"
53-->[androidx.emoji2:emoji2:1.2.0] AndroidManifest.xml:25:13-67
54            android:authorities="in.proxnet.www.androidx-startup"
54-->[androidx.emoji2:emoji2:1.2.0] AndroidManifest.xml:26:13-68
55            android:exported="false" >
55-->[androidx.emoji2:emoji2:1.2.0] AndroidManifest.xml:27:13-37
56            <meta-data
56-->[androidx.emoji2:emoji2:1.2.0] AndroidManifest.xml:29:13-31:52
57                android:name="androidx.emoji2.text.EmojiCompatInitializer"
57-->[androidx.emoji2:emoji2:1.2.0] AndroidManifest.xml:30:17-75
58                android:value="androidx.startup" />
58-->[androidx.emoji2:emoji2:1.2.0] AndroidManifest.xml:31:17-49
59            <meta-data
59-->[androidx.lifecycle:lifecycle-process:2.6.1] AndroidManifest.xml:29:13-31:52
60                android:name="androidx.lifecycle.ProcessLifecycleInitializer"
60-->[androidx.lifecycle:lifecycle-process:2.6.1] AndroidManifest.xml:30:17-78
61                android:value="androidx.startup" />
61-->[androidx.lifecycle:lifecycle-process:2.6.1] AndroidManifest.xml:31:17-49
62            <meta-data
62-->[androidx.profileinstaller:profileinstaller:1.3.0] AndroidManifest.xml:29:13-31:52
63                android:name="androidx.profileinstaller.ProfileInstallerInitializer"
63-->[androidx.profileinstaller:profileinstaller:1.3.0] AndroidManifest.xml:30:17-85
64                android:value="androidx.startup" />
64-->[androidx.profileinstaller:profileinstaller:1.3.0] AndroidManifest.xml:31:17-49
65        </provider>
66
67        <receiver
67-->[com.google.firebase:firebase-messaging:23.4.1] AndroidManifest.xml:29:9-40:20
68            android:name="com.google.firebase.iid.FirebaseInstanceIdReceiver"
68-->[com.google.firebase:firebase-messaging:23.4.1] AndroidManifest.xml:30:13-78
69            android:exported="true"
69-->[com.google.firebase:firebase-messaging:23.4.1] AndroidManifest.xml:31:13-36
70            android:permission="com.google.android.c2dm.permission.SEND" >
70-->[com.google.firebase:firebase-messaging:23.4.1] AndroidManifest.xml:32:13-73
71            <intent-filter>
71-->[com.google.firebase:firebase-messaging:23.4.1] AndroidManifest.xml:33:13-35:29
72                <action android:name="com.google.android.c2dm.intent.RECEIVE" />
72-->[com.google.firebase:firebase-messaging:23.4.1] AndroidManifest.xml:34:17-81
72-->[com.google.firebase:firebase-messaging:23.4.1] AndroidManifest.xml:34:25-78
73            </intent-filter>
74
75            <meta-data
75-->[com.google.firebase:firebase-messaging:23.4.1] AndroidManifest.xml:37:13-39:40
76                android:name="com.google.android.gms.cloudmessaging.FINISHED_AFTER_HANDLED"
76-->[com.google.firebase:firebase-messaging:23.4.1] AndroidManifest.xml:38:17-92
77                android:value="true" />
77-->[com.google.firebase:firebase-messaging:23.4.1] AndroidManifest.xml:39:17-37
78        </receiver>
79        <!--
80             FirebaseMessagingService performs security checks at runtime,
81             but set to not exported to explicitly avoid allowing another app to call it.
82        -->
83        <service
83-->[com.google.firebase:firebase-messaging:23.4.1] AndroidManifest.xml:46:9-53:19
84            android:name="com.google.firebase.messaging.FirebaseMessagingService"
84-->[com.google.firebase:firebase-messaging:23.4.1] AndroidManifest.xml:47:13-82
85            android:directBootAware="true"
85-->[com.google.firebase:firebase-messaging:23.4.1] AndroidManifest.xml:48:13-43
86            android:exported="false" >
86-->[com.google.firebase:firebase-messaging:23.4.1] AndroidManifest.xml:49:13-37
87            <intent-filter android:priority="-500" >
87-->src\main\AndroidManifest.xml:28:13-30:29
88                <action android:name="com.google.firebase.MESSAGING_EVENT" />
88-->src\main\AndroidManifest.xml:29:17-78
88-->src\main\AndroidManifest.xml:29:25-75
89            </intent-filter>
90        </service>
91        <service
91-->[com.google.firebase:firebase-messaging:23.4.1] AndroidManifest.xml:54:9-63:19
92            android:name="com.google.firebase.components.ComponentDiscoveryService"
92-->[com.google.firebase:firebase-messaging:23.4.1] AndroidManifest.xml:55:13-84
93            android:directBootAware="true"
93-->[com.google.firebase:firebase-common:20.4.2] AndroidManifest.xml:32:13-43
94            android:exported="false" >
94-->[com.google.firebase:firebase-messaging:23.4.1] AndroidManifest.xml:56:13-37
95            <meta-data
95-->[com.google.firebase:firebase-messaging:23.4.1] AndroidManifest.xml:57:13-59:85
96                android:name="com.google.firebase.components:com.google.firebase.messaging.FirebaseMessagingKtxRegistrar"
96-->[com.google.firebase:firebase-messaging:23.4.1] AndroidManifest.xml:58:17-122
97                android:value="com.google.firebase.components.ComponentRegistrar" />
97-->[com.google.firebase:firebase-messaging:23.4.1] AndroidManifest.xml:59:17-82
98            <meta-data
98-->[com.google.firebase:firebase-messaging:23.4.1] AndroidManifest.xml:60:13-62:85
99                android:name="com.google.firebase.components:com.google.firebase.messaging.FirebaseMessagingRegistrar"
99-->[com.google.firebase:firebase-messaging:23.4.1] AndroidManifest.xml:61:17-119
100                android:value="com.google.firebase.components.ComponentRegistrar" />
100-->[com.google.firebase:firebase-messaging:23.4.1] AndroidManifest.xml:62:17-82
101            <meta-data
101-->[com.google.firebase:firebase-installations:17.2.0] AndroidManifest.xml:15:13-17:85
102                android:name="com.google.firebase.components:com.google.firebase.installations.FirebaseInstallationsKtxRegistrar"
102-->[com.google.firebase:firebase-installations:17.2.0] AndroidManifest.xml:16:17-130
103                android:value="com.google.firebase.components.ComponentRegistrar" />
103-->[com.google.firebase:firebase-installations:17.2.0] AndroidManifest.xml:17:17-82
104            <meta-data
104-->[com.google.firebase:firebase-installations:17.2.0] AndroidManifest.xml:18:13-20:85
105                android:name="com.google.firebase.components:com.google.firebase.installations.FirebaseInstallationsRegistrar"
105-->[com.google.firebase:firebase-installations:17.2.0] AndroidManifest.xml:19:17-127
106                android:value="com.google.firebase.components.ComponentRegistrar" />
106-->[com.google.firebase:firebase-installations:17.2.0] AndroidManifest.xml:20:17-82
107            <meta-data
107-->[com.google.firebase:firebase-common-ktx:20.4.2] AndroidManifest.xml:12:13-14:85
108                android:name="com.google.firebase.components:com.google.firebase.ktx.FirebaseCommonLegacyRegistrar"
108-->[com.google.firebase:firebase-common-ktx:20.4.2] AndroidManifest.xml:13:17-116
109                android:value="com.google.firebase.components.ComponentRegistrar" />
109-->[com.google.firebase:firebase-common-ktx:20.4.2] AndroidManifest.xml:14:17-82
110            <meta-data
110-->[com.google.firebase:firebase-common:20.4.2] AndroidManifest.xml:35:13-37:85
111                android:name="com.google.firebase.components:com.google.firebase.FirebaseCommonKtxRegistrar"
111-->[com.google.firebase:firebase-common:20.4.2] AndroidManifest.xml:36:17-109
112                android:value="com.google.firebase.components.ComponentRegistrar" />
112-->[com.google.firebase:firebase-common:20.4.2] AndroidManifest.xml:37:17-82
113            <meta-data
113-->[com.google.firebase:firebase-datatransport:18.1.7] AndroidManifest.xml:27:13-29:85
114                android:name="com.google.firebase.components:com.google.firebase.datatransport.TransportRegistrar"
114-->[com.google.firebase:firebase-datatransport:18.1.7] AndroidManifest.xml:28:17-115
115                android:value="com.google.firebase.components.ComponentRegistrar" />
115-->[com.google.firebase:firebase-datatransport:18.1.7] AndroidManifest.xml:29:17-82
116        </service>
117
118        <activity
118-->[com.google.android.gms:play-services-base:18.0.1] AndroidManifest.xml:20:9-22:45
119            android:name="com.google.android.gms.common.api.GoogleApiActivity"
119-->[com.google.android.gms:play-services-base:18.0.1] AndroidManifest.xml:20:19-85
120            android:exported="false"
120-->[com.google.android.gms:play-services-base:18.0.1] AndroidManifest.xml:22:19-43
121            android:theme="@android:style/Theme.Translucent.NoTitleBar" />
121-->[com.google.android.gms:play-services-base:18.0.1] AndroidManifest.xml:21:19-78
122
123        <provider
123-->[com.google.firebase:firebase-common:20.4.2] AndroidManifest.xml:23:9-28:39
124            android:name="com.google.firebase.provider.FirebaseInitProvider"
124-->[com.google.firebase:firebase-common:20.4.2] AndroidManifest.xml:24:13-77
125            android:authorities="in.proxnet.www.firebaseinitprovider"
125-->[com.google.firebase:firebase-common:20.4.2] AndroidManifest.xml:25:13-72
126            android:directBootAware="true"
126-->[com.google.firebase:firebase-common:20.4.2] AndroidManifest.xml:26:13-43
127            android:exported="false"
127-->[com.google.firebase:firebase-common:20.4.2] AndroidManifest.xml:27:13-37
128            android:initOrder="100" />
128-->[com.google.firebase:firebase-common:20.4.2] AndroidManifest.xml:28:13-36
129
130        <meta-data
130-->[com.google.android.gms:play-services-basement:18.1.0] AndroidManifest.xml:21:9-23:69
131            android:name="com.google.android.gms.version"
131-->[com.google.android.gms:play-services-basement:18.1.0] AndroidManifest.xml:22:13-58
132            android:value="@integer/google_play_services_version" />
132-->[com.google.android.gms:play-services-basement:18.1.0] AndroidManifest.xml:23:13-66
133
134        <service
134-->[com.google.android.datatransport:transport-backend-cct:3.1.8] AndroidManifest.xml:28:9-34:19
135            android:name="com.google.android.datatransport.runtime.backends.TransportBackendDiscovery"
135-->[com.google.android.datatransport:transport-backend-cct:3.1.8] AndroidManifest.xml:29:13-103
136            android:exported="false" >
136-->[com.google.android.datatransport:transport-backend-cct:3.1.8] AndroidManifest.xml:30:13-37
137            <meta-data
137-->[com.google.android.datatransport:transport-backend-cct:3.1.8] AndroidManifest.xml:31:13-33:39
138                android:name="backend:com.google.android.datatransport.cct.CctBackendFactory"
138-->[com.google.android.datatransport:transport-backend-cct:3.1.8] AndroidManifest.xml:32:17-94
139                android:value="cct" />
139-->[com.google.android.datatransport:transport-backend-cct:3.1.8] AndroidManifest.xml:33:17-36
140        </service>
141        <service
141-->[com.google.android.datatransport:transport-runtime:3.1.8] AndroidManifest.xml:26:9-30:19
142            android:name="com.google.android.datatransport.runtime.scheduling.jobscheduling.JobInfoSchedulerService"
142-->[com.google.android.datatransport:transport-runtime:3.1.8] AndroidManifest.xml:27:13-117
143            android:exported="false"
143-->[com.google.android.datatransport:transport-runtime:3.1.8] AndroidManifest.xml:28:13-37
144            android:permission="android.permission.BIND_JOB_SERVICE" >
144-->[com.google.android.datatransport:transport-runtime:3.1.8] AndroidManifest.xml:29:13-69
145        </service>
146
147        <receiver
147-->[com.google.android.datatransport:transport-runtime:3.1.8] AndroidManifest.xml:32:9-34:40
148            android:name="com.google.android.datatransport.runtime.scheduling.jobscheduling.AlarmManagerSchedulerBroadcastReceiver"
148-->[com.google.android.datatransport:transport-runtime:3.1.8] AndroidManifest.xml:33:13-132
149            android:exported="false" />
149-->[com.google.android.datatransport:transport-runtime:3.1.8] AndroidManifest.xml:34:13-37
150        <receiver
150-->[androidx.profileinstaller:profileinstaller:1.3.0] AndroidManifest.xml:34:9-52:20
151            android:name="androidx.profileinstaller.ProfileInstallReceiver"
151-->[androidx.profileinstaller:profileinstaller:1.3.0] AndroidManifest.xml:35:13-76
152            android:directBootAware="false"
152-->[androidx.profileinstaller:profileinstaller:1.3.0] AndroidManifest.xml:36:13-44
153            android:enabled="true"
153-->[androidx.profileinstaller:profileinstaller:1.3.0] AndroidManifest.xml:37:13-35
154            android:exported="true"
154-->[androidx.profileinstaller:profileinstaller:1.3.0] AndroidManifest.xml:38:13-36
155            android:permission="android.permission.DUMP" >
155-->[androidx.profileinstaller:profileinstaller:1.3.0] AndroidManifest.xml:39:13-57
156            <intent-filter>
156-->[androidx.profileinstaller:profileinstaller:1.3.0] AndroidManifest.xml:40:13-42:29
157                <action android:name="androidx.profileinstaller.action.INSTALL_PROFILE" />
157-->[androidx.profileinstaller:profileinstaller:1.3.0] AndroidManifest.xml:41:17-91
157-->[androidx.profileinstaller:profileinstaller:1.3.0] AndroidManifest.xml:41:25-88
158            </intent-filter>
159            <intent-filter>
159-->[androidx.profileinstaller:profileinstaller:1.3.0] AndroidManifest.xml:43:13-45:29
160                <action android:name="androidx.profileinstaller.action.SKIP_FILE" />
160-->[androidx.profileinstaller:profileinstaller:1.3.0] AndroidManifest.xml:44:17-85
160-->[androidx.profileinstaller:profileinstaller:1.3.0] AndroidManifest.xml:44:25-82
161            </intent-filter>
162            <intent-filter>
162-->[androidx.profileinstaller:profileinstaller:1.3.0] AndroidManifest.xml:46:13-48:29
163                <action android:name="androidx.profileinstaller.action.SAVE_PROFILE" />
163-->[androidx.profileinstaller:profileinstaller:1.3.0] AndroidManifest.xml:47:17-88
163-->[androidx.profileinstaller:profileinstaller:1.3.0] AndroidManifest.xml:47:25-85
164            </intent-filter>
165            <intent-filter>
165-->[androidx.profileinstaller:profileinstaller:1.3.0] AndroidManifest.xml:49:13-51:29
166                <action android:name="androidx.profileinstaller.action.BENCHMARK_OPERATION" />
166-->[androidx.profileinstaller:profileinstaller:1.3.0] AndroidManifest.xml:50:17-95
166-->[androidx.profileinstaller:profileinstaller:1.3.0] AndroidManifest.xml:50:25-92
167            </intent-filter>
168        </receiver>
169    </application>
170
171</manifest>